app/build/intermediates/manifest_merge_blame_file/release/manifest-merger-blame-release-report.txt
1<?xml version="1.0" encoding="utf-8"?>
2<manifest xmlns:android="http://schemas.android.com/apk/res/android"
3    package="com.myapp.convergenceapp"
4    android:versionCode="11"
5    android:versionName="1.0.0" >
6
7    <uses-sdk
8        android:minSdkVersion="21"
8-->src\main\AndroidManifest.xml
9        android:targetSdkVersion="33" />
9-->src\main\AndroidManifest.xml
10
11    <uses-permission android:name="android.permission.BLUETOOTH" />
11-->src\main\AndroidManifest.xml:6:5-68
11-->src\main\AndroidManifest.xml:6:22-65
12    <uses-permission android:name="android.permission.ACCESS_WIFI_STATE" />
12-->src\main\AndroidManifest.xml:7:5-76
12-->src\main\AndroidManifest.xml:7:22-73
13    <uses-permission android:name="android.permission.ACCESS_FINE_LOCATION" />
13-->src\main\AndroidManifest.xml:8:5-79
13-->src\main\AndroidManifest.xml:8:22-76
14    <uses-permission android:name="android.permission.ACCESS_COARSE_LOCATION" />
14-->src\main\AndroidManifest.xml:9:5-81
14-->src\main\AndroidManifest.xml:9:22-78
15    <uses-permission android:name="android.permission.ACCESS_GPS" />
15-->src\main\AndroidManifest.xml:10:5-69
15-->src\main\AndroidManifest.xml:10:22-66
16    <uses-permission android:name="android.permission.ACCESS_ASSISTED_GPS" />
16-->src\main\AndroidManifest.xml:11:5-78
16-->src\main\AndroidManifest.xml:11:22-75
17    <uses-permission android:name="android.permission.ACCESS_NETWORK_STATE" />
17-->src\main\AndroidManifest.xml:12:5-79
17-->src\main\AndroidManifest.xml:12:22-76
18    <uses-permission android:name="android.permission.INTERNET" />
18-->src\main\AndroidManifest.xml:13:5-67
18-->src\main\AndroidManifest.xml:13:22-64
19    <uses-permission android:name="android.permission.READ_PHONE_STATE" />
19-->src\main\AndroidManifest.xml:14:5-75
19-->src\main\AndroidManifest.xml:14:22-72
20    <uses-permission android:name="android.permission.READ_PRIVILEGED_PHONE_STATE" />
20-->src\main\AndroidManifest.xml:15:5-17:47
20-->src\main\AndroidManifest.xml:16:9-70
21    <uses-permission android:name="android.permission.WRITE_EXTERNAL_STORAGE" />
21-->src\main\AndroidManifest.xml:18:5-20:48
21-->src\main\AndroidManifest.xml:19:9-65
22    <uses-permission android:name="android.permission.READ_EXTERNAL_STORAGE" />
22-->src\main\AndroidManifest.xml:21:5-80
22-->src\main\AndroidManifest.xml:21:22-77
23    <uses-permission android:name="android.permission.CAMERA" />
23-->src\main\AndroidManifest.xml:22:5-65
23-->src\main\AndroidManifest.xml:22:22-62
24
25    <permission
25-->src\main\AndroidManifest.xml:24:5-27:51
26        android:name="android.permission.WRITE_SETTINGS"
26-->src\main\AndroidManifest.xml:25:9-57
27        android:protectionLevel="signature" />
27-->src\main\AndroidManifest.xml:26:9-44
28
29    <uses-feature
29-->src\main\AndroidManifest.xml:29:5-31:36
30        android:name="android.hardware.camera"
30-->src\main\AndroidManifest.xml:30:9-47
31        android:required="false" />
31-->src\main\AndroidManifest.xml:31:9-33
32
33    <uses-permission android:name="android.permission.READ_PRIVILEGED_PHONE_STATE" />
33-->src\main\AndroidManifest.xml:15:5-17:47
33-->src\main\AndroidManifest.xml:16:9-70
34
35    <permission
35-->[androidx.core:core:1.9.0] AndroidManifest.xml:22:5-24:47
36        android:name="com.myapp.convergenceapp.DYNAMIC_RECEIVER_NOT_EXPORTED_PERMISSION"
36-->[androidx.core:core:1.9.0] AndroidManifest.xml:23:9-81
37        android:protectionLevel="signature" />
37-->[androidx.core:core:1.9.0] AndroidManifest.xml:24:9-44
38
39    <uses-permission android:name="com.myapp.convergenceapp.DYNAMIC_RECEIVER_NOT_EXPORTED_PERMISSION" />
39-->[androidx.core:core:1.9.0] AndroidManifest.xml:26:5-97
39-->[androidx.core:core:1.9.0] AndroidManifest.xml:26:22-94
40
41    <application
41-->src\main\AndroidManifest.xml:37:5-72:19
42        android:allowBackup="false"
42-->src\main\AndroidManifest.xml:38:9-36
43        android:appComponentFactory="androidx.core.app.CoreComponentFactory"
43-->[androidx.core:core:1.9.0] AndroidManifest.xml:28:18-86
44        android:debuggable="false"
44-->src\main\AndroidManifest.xml:39:9-35
45        android:icon="@mipmap/ic_launcher"
45-->src\main\AndroidManifest.xml:40:9-43
46        android:label="@string/app_name"
46-->src\main\AndroidManifest.xml:41:9-41
47        android:networkSecurityConfig="@xml/network_security_config"
47-->src\main\AndroidManifest.xml:42:9-69
48        android:roundIcon="@mipmap/ic_launcher_round"
48-->src\main\AndroidManifest.xml:43:9-54
49        android:supportsRtl="true"
49-->src\main\AndroidManifest.xml:44:9-35
50        android:theme="@style/Theme.ConvergenceApp" >
50-->src\main\AndroidManifest.xml:45:9-52
51        <activity
51-->src\main\AndroidManifest.xml:48:9-50:40
52            android:name="com.example.convergenceapp.PmaygDashboardActivity"
52-->src\main\AndroidManifest.xml:49:13-51
53            android:exported="false" />
53-->src\main\AndroidManifest.xml:50:13-37
54        <activity
54-->src\main\AndroidManifest.xml:51:9-53:40
55            android:name="com.example.convergenceapp.NrlmDashboardActivity"
55-->src\main\AndroidManifest.xml:52:13-50
56            android:exported="false" />
56-->src\main\AndroidManifest.xml:53:13-37
57        <activity
57-->src\main\AndroidManifest.xml:54:9-56:40
58            android:name="com.example.convergenceapp.HomeActivity"
58-->src\main\AndroidManifest.xml:55:13-41
59            android:exported="false" />
59-->src\main\AndroidManifest.xml:56:13-37
60        <activity
60-->src\main\AndroidManifest.xml:57:9-59:40
61            android:name="com.example.convergenceapp.MpinActivity"
61-->src\main\AndroidManifest.xml:58:13-41
62            android:exported="false" />
62-->src\main\AndroidManifest.xml:59:13-37
63        <activity
63-->src\main\AndroidManifest.xml:60:9-62:40
64            android:name="com.example.convergenceapp.LoginActivity"
64-->src\main\AndroidManifest.xml:61:13-42
65            android:exported="false" />
65-->src\main\AndroidManifest.xml:62:13-37
66        <activity
66-->src\main\AndroidManifest.xml:63:9-71:20
67            android:name="com.example.convergenceapp.SplashScreen"
67-->src\main\AndroidManifest.xml:64:13-41
68            android:exported="true" >
68-->src\main\AndroidManifest.xml:65:13-36
69            <intent-filter>
69-->src\main\AndroidManifest.xml:66:13-70:29
70                <action android:name="android.intent.action.MAIN" />
70-->src\main\AndroidManifest.xml:67:17-69
70-->src\main\AndroidManifest.xml:67:25-66
71
72                <category android:name="android.intent.category.LAUNCHER" />
72-->src\main\AndroidManifest.xml:69:17-77
72-->src\main\AndroidManifest.xml:69:27-74
73            </intent-filter>
74        </activity>
75
76        <service
76-->[androidx.room:room-runtime:2.5.0] AndroidManifest.xml:24:9-28:63
77            android:name="androidx.room.MultiInstanceInvalidationService"
77-->[androidx.room:room-runtime:2.5.0] AndroidManifest.xml:25:13-74
78            android:directBootAware="true"
78-->[androidx.room:room-runtime:2.5.0] AndroidManifest.xml:26:13-43
79            android:exported="false" />
79-->[androidx.room:room-runtime:2.5.0] AndroidManifest.xml:27:13-37
80
81        <provider
81-->[androidx.emoji2:emoji2:1.2.0] AndroidManifest.xml:24:9-32:20
82            android:name="androidx.startup.InitializationProvider"
82-->[androidx.emoji2:emoji2:1.2.0] AndroidManifest.xml:25:13-67
83            android:authorities="com.myapp.convergenceapp.androidx-startup"
83-->[androidx.emoji2:emoji2:1.2.0] AndroidManifest.xml:26:13-68
84            android:exported="false" >
84-->[androidx.emoji2:emoji2:1.2.0] AndroidManifest.xml:27:13-37
85            <meta-data
85-->[androidx.emoji2:emoji2:1.2.0] AndroidManifest.xml:29:13-31:52
86                android:name="androidx.emoji2.text.EmojiCompatInitializer"
86-->[androidx.emoji2:emoji2:1.2.0] AndroidManifest.xml:30:17-75
87                android:value="androidx.startup" />
87-->[androidx.emoji2:emoji2:1.2.0] AndroidManifest.xml:31:17-49
88            <meta-data
88-->[androidx.lifecycle:lifecycle-process:2.4.1] AndroidManifest.xml:31:13-33:52
89                android:name="androidx.lifecycle.ProcessLifecycleInitializer"
89-->[androidx.lifecycle:lifecycle-process:2.4.1] AndroidManifest.xml:32:17-78
90                android:value="androidx.startup" />
90-->[androidx.lifecycle:lifecycle-process:2.4.1] AndroidManifest.xml:33:17-49
91        </provider>
92    </application>
93
94</manifest>